2025-06-27 12:29:12,748 - ERROR - Database error: syntax error at or near "NOT"
LINE 2:         CREATE TRIGGER IF NOT EXISTS update_persons_updated_...
                                  ^

2025-06-27 12:29:12,749 - ERROR - Failed to initialize database: syntax error at or near "NOT"
LINE 2:         CREATE TRIGGER IF NOT EXISTS update_persons_updated_...
                                  ^

2025-06-27 12:47:28,111 - ERROR - Database error: syntax error at or near "NOT"
LINE 2:         CREATE TRIGGER IF NOT EXISTS update_persons_updated_...
                                  ^

2025-06-27 12:47:28,111 - ERROR - Failed to initialize database: syntax error at or near "NOT"
LINE 2:         CREATE TRIGGER IF NOT EXISTS update_persons_updated_...
                                  ^

2025-06-27 12:55:41,066 - INFO - Database initialized successfully
2025-06-27 12:57:48,407 - INFO - Database initialized successfully
2025-06-27 13:02:25,535 - INFO - Database initialized successfully
2025-06-27 13:02:55,785 - INFO - Database initialized successfully
2025-06-27 13:07:07,293 - INFO - Database initialized successfully
2025-06-27 13:07:54,186 - INFO - Database initialized successfully
2025-06-27 13:07:57,955 - INFO - ATTENDANCE | 2025-06-27 18:37:57 | Vinil | ID:1 | CONFIDENCE:0.58 | CAMERA:entry_01 | EVENT:login
2025-06-27 13:13:25,994 - INFO - Database initialized successfully
2025-06-27 13:13:27,718 - INFO - ATTENDANCE | 2025-06-27 18:43:27 | Vinil | ID:1 | CONFIDENCE:0.49 | CAMERA:entry_01 | EVENT:login
2025-06-27 13:13:36,840 - INFO - ATTENDANCE | 2025-06-27 18:43:36 | UN_KNOWN | ID:1 | CONFIDENCE:N/A | CAMERA:entry_01 | EVENT:login
2025-06-27 13:13:39,883 - INFO - ATTENDANCE | 2025-06-27 18:43:39 | Vinil | ID:2 | CONFIDENCE:0.62 | CAMERA:entry_01 | EVENT:login
2025-06-27 13:13:49,690 - INFO - ATTENDANCE | 2025-06-27 18:43:49 | Vinil | ID:3 | CONFIDENCE:0.62 | CAMERA:entry_01 | EVENT:login
2025-06-27 13:13:55,144 - INFO - ATTENDANCE | 2025-06-27 18:43:55 | melbin | ID:4 | CONFIDENCE:0.47 | CAMERA:entry_01 | EVENT:login
2025-06-27 13:14:01,510 - INFO - ATTENDANCE | 2025-06-27 18:44:01 | UN_KNOWN | ID:5 | CONFIDENCE:N/A | CAMERA:entry_01 | EVENT:login
2025-06-27 13:14:03,486 - INFO - ATTENDANCE | 2025-06-27 18:44:03 | melbin | ID:5 | CONFIDENCE:0.44 | CAMERA:entry_01 | EVENT:login
2025-06-27 13:14:15,192 - INFO - ATTENDANCE | 2025-06-27 18:44:15 | UN_KNOWN | ID:6 | CONFIDENCE:N/A | CAMERA:entry_01 | EVENT:login
2025-06-27 13:14:21,959 - INFO - ATTENDANCE | 2025-06-27 18:44:21 | melbin | ID:7 | CONFIDENCE:0.42 | CAMERA:entry_01 | EVENT:login
2025-06-27 13:14:22,369 - INFO - ATTENDANCE | 2025-06-27 18:44:22 | UN_KNOWN | ID:7 | CONFIDENCE:N/A | CAMERA:entry_01 | EVENT:login
2025-06-27 13:14:27,783 - INFO - ATTENDANCE | 2025-06-27 18:44:27 | melbin | ID:8 | CONFIDENCE:0.45 | CAMERA:entry_01 | EVENT:login
2025-06-27 13:14:28,610 - INFO - ATTENDANCE | 2025-06-27 18:44:28 | UN_KNOWN | ID:8 | CONFIDENCE:N/A | CAMERA:entry_01 | EVENT:login
2025-06-27 13:14:52,792 - INFO - ATTENDANCE | 2025-06-27 18:44:52 | UN_KNOWN | ID:9 | CONFIDENCE:N/A | CAMERA:entry_01 | EVENT:login
2025-06-27 13:16:16,677 - INFO - ATTENDANCE | 2025-06-27 18:46:16 | Vinil | ID:10 | CONFIDENCE:0.57 | CAMERA:entry_01 | EVENT:login
2025-06-27 13:16:27,335 - INFO - ATTENDANCE | 2025-06-27 18:46:27 | UN_KNOWN | ID:10 | CONFIDENCE:N/A | CAMERA:entry_01 | EVENT:login
2025-06-27 13:16:38,900 - INFO - ATTENDANCE | 2025-06-27 18:46:38 | UN_KNOWN | ID:11 | CONFIDENCE:N/A | CAMERA:entry_01 | EVENT:login
2025-06-27 13:16:39,408 - INFO - ATTENDANCE | 2025-06-27 18:46:39 | Vinil | ID:11 | CONFIDENCE:0.46 | CAMERA:entry_01 | EVENT:login
2025-06-27 13:16:59,348 - INFO - ATTENDANCE | 2025-06-27 18:46:59 | Vinil | ID:12 | CONFIDENCE:0.70 | CAMERA:entry_01 | EVENT:login
2025-06-27 13:17:03,994 - INFO - ATTENDANCE | 2025-06-27 18:47:03 | UN_KNOWN | ID:12 | CONFIDENCE:N/A | CAMERA:entry_01 | EVENT:login
2025-06-27 13:17:20,782 - INFO - ATTENDANCE | 2025-06-27 18:47:20 | krish | ID:13 | CONFIDENCE:0.56 | CAMERA:entry_01 | EVENT:login
2025-06-27 13:17:21,577 - INFO - ATTENDANCE | 2025-06-27 18:47:21 | Vinil | ID:14 | CONFIDENCE:0.50 | CAMERA:entry_01 | EVENT:login
2025-06-27 13:17:21,988 - INFO - ATTENDANCE | 2025-06-27 18:47:21 | UN_KNOWN | ID:14 | CONFIDENCE:N/A | CAMERA:entry_01 | EVENT:login
2025-06-27 13:17:26,814 - INFO - ATTENDANCE | 2025-06-27 18:47:26 | Vinil | ID:15 | CONFIDENCE:0.64 | CAMERA:entry_01 | EVENT:login
2025-06-27 13:17:46,510 - INFO - ATTENDANCE | 2025-06-27 18:47:46 | Vinil | ID:16 | CONFIDENCE:0.65 | CAMERA:entry_01 | EVENT:login
2025-06-28 07:43:30,637 - INFO - Database initialized successfully
2025-06-28 09:43:14,064 - INFO - Database initialized successfully
2025-06-28 09:43:17,724 - INFO - ATTENDANCE | 2025-06-28 14:13:17 | Vinil | ID:1 | CONFIDENCE:0.63 | CAMERA:entry_01 | EVENT:login
2025-06-28 09:44:43,293 - INFO - ATTENDANCE | 2025-06-28 14:14:43 | UN_KNOWN | ID:2 | CONFIDENCE:N/A | CAMERA:entry_01 | EVENT:login
2025-06-28 09:49:28,019 - INFO - ATTENDANCE | 2025-06-28 14:19:28 | melbin | ID:4 | CONFIDENCE:0.46 | CAMERA:entry_01 | EVENT:login
2025-06-28 09:53:13,814 - INFO - ATTENDANCE | 2025-06-28 14:23:13 | melbin | ID:5 | CONFIDENCE:0.50 | CAMERA:entry_01 | EVENT:login
2025-06-28 09:54:46,188 - INFO - ATTENDANCE | 2025-06-28 14:24:46 | UN_KNOWN | ID:6 | CONFIDENCE:N/A | CAMERA:entry_01 | EVENT:login
2025-06-28 09:54:46,673 - INFO - ATTENDANCE | 2025-06-28 14:24:46 | melbin | ID:6 | CONFIDENCE:0.46 | CAMERA:entry_01 | EVENT:login
2025-06-28 09:54:50,438 - INFO - ATTENDANCE | 2025-06-28 14:24:50 | UN_KNOWN | ID:7 | CONFIDENCE:N/A | CAMERA:entry_01 | EVENT:login
2025-06-28 10:01:07,345 - INFO - ATTENDANCE | 2025-06-28 14:31:07 | Vinil | ID:10 | CONFIDENCE:0.53 | CAMERA:entry_01 | EVENT:login
2025-06-28 10:01:15,640 - INFO - ATTENDANCE | 2025-06-28 14:31:15 | Vinil | ID:11 | CONFIDENCE:0.54 | CAMERA:entry_01 | EVENT:login
2025-06-28 10:01:32,253 - INFO - ATTENDANCE | 2025-06-28 14:31:32 | melbin | ID:13 | CONFIDENCE:0.46 | CAMERA:entry_01 | EVENT:login
2025-06-28 10:01:32,946 - INFO - ATTENDANCE | 2025-06-28 14:31:32 | UN_KNOWN | ID:13 | CONFIDENCE:N/A | CAMERA:entry_01 | EVENT:login
2025-06-28 10:01:36,875 - INFO - ATTENDANCE | 2025-06-28 14:31:36 | UN_KNOWN | ID:14 | CONFIDENCE:N/A | CAMERA:entry_01 | EVENT:login
2025-06-28 10:01:37,426 - INFO - ATTENDANCE | 2025-06-28 14:31:37 | melbin | ID:14 | CONFIDENCE:0.43 | CAMERA:entry_01 | EVENT:login
2025-06-28 10:01:47,923 - INFO - ATTENDANCE | 2025-06-28 14:31:47 | Vinil | ID:15 | CONFIDENCE:0.70 | CAMERA:entry_01 | EVENT:login
2025-06-28 10:02:19,206 - INFO - ATTENDANCE | 2025-06-28 14:32:19 | Vinil | ID:16 | CONFIDENCE:0.56 | CAMERA:entry_01 | EVENT:login
2025-06-28 10:02:22,776 - INFO - ATTENDANCE | 2025-06-28 14:32:22 | UN_KNOWN | ID:16 | CONFIDENCE:N/A | CAMERA:entry_01 | EVENT:login
2025-06-28 10:02:26,241 - INFO - ATTENDANCE | 2025-06-28 14:32:26 | melbin | ID:17 | CONFIDENCE:0.53 | CAMERA:entry_01 | EVENT:login
2025-06-28 10:02:29,163 - INFO - ATTENDANCE | 2025-06-28 14:32:29 | UN_KNOWN | ID:17 | CONFIDENCE:N/A | CAMERA:entry_01 | EVENT:login
2025-06-28 10:02:35,209 - INFO - ATTENDANCE | 2025-06-28 14:32:35 | UN_KNOWN | ID:18 | CONFIDENCE:N/A | CAMERA:entry_01 | EVENT:login
2025-06-28 10:02:36,015 - INFO - ATTENDANCE | 2025-06-28 14:32:36 | Vinil | ID:18 | CONFIDENCE:0.55 | CAMERA:entry_01 | EVENT:login
2025-06-28 10:03:25,600 - INFO - ATTENDANCE | 2025-06-28 14:33:25 | Vinil | ID:19 | CONFIDENCE:0.57 | CAMERA:entry_01 | EVENT:login
2025-06-28 10:03:38,993 - INFO - ATTENDANCE | 2025-06-28 14:33:38 | Vinil | ID:20 | CONFIDENCE:0.61 | CAMERA:entry_01 | EVENT:login
2025-06-28 10:03:42,397 - INFO - ATTENDANCE | 2025-06-28 14:33:42 | UN_KNOWN | ID:20 | CONFIDENCE:N/A | CAMERA:entry_01 | EVENT:login
2025-06-28 10:04:08,630 - INFO - ATTENDANCE | 2025-06-28 14:34:08 | UN_KNOWN | ID:23 | CONFIDENCE:N/A | CAMERA:entry_01 | EVENT:login
2025-06-28 10:04:12,831 - INFO - ATTENDANCE | 2025-06-28 14:34:12 | Vinil | ID:23 | CONFIDENCE:0.47 | CAMERA:entry_01 | EVENT:login
2025-06-28 11:02:34,541 - INFO - ATTENDANCE | 2025-06-28 15:32:34.541023+05:30 | Vinil | ID:1 | CONFIDENCE:0.58 | CAMERA:entry_01 | EVENT:login
2025-06-28 11:03:07,136 - INFO - ATTENDANCE | 2025-06-28 15:33:07.135146+05:30 | Vinil | ID:3 | CONFIDENCE:0.60 | CAMERA:entry_01 | EVENT:login
2025-06-28 11:03:08,681 - INFO - ATTENDANCE | 2025-06-28 15:33:08.681930+05:30 | UN_KNOWN | ID:3 | CONFIDENCE:N/A | CAMERA:entry_01 | EVENT:login
2025-06-28 11:03:32,099 - INFO - ATTENDANCE | 2025-06-28 15:33:32.098278+05:30 | Vinil | ID:4 | CONFIDENCE:0.48 | CAMERA:entry_01 | EVENT:login
2025-06-28 11:03:45,314 - INFO - ATTENDANCE | 2025-06-28 15:33:45.314499+05:30 | Vinil | ID:5 | CONFIDENCE:0.49 | CAMERA:entry_01 | EVENT:login
2025-06-28 11:04:00,090 - INFO - ATTENDANCE | 2025-06-28 15:34:00.090692+05:30 | UN_KNOWN | ID:5 | CONFIDENCE:N/A | CAMERA:entry_01 | EVENT:login
2025-06-28 11:04:21,711 - INFO - ATTENDANCE | 2025-06-28 15:34:21.711184+05:30 | Vinil | ID:6 | CONFIDENCE:0.46 | CAMERA:entry_01 | EVENT:login
2025-06-28 11:04:44,142 - INFO - ATTENDANCE | 2025-06-28 15:34:44.142539+05:30 | Vinil | ID:7 | CONFIDENCE:0.41 | CAMERA:entry_01 | EVENT:login
2025-06-28 11:04:44,524 - INFO - ATTENDANCE | 2025-06-28 15:34:44.524398+05:30 | UN_KNOWN | ID:7 | CONFIDENCE:N/A | CAMERA:entry_01 | EVENT:login
2025-06-28 11:05:12,437 - INFO - ATTENDANCE | 2025-06-28 15:35:12.437563+05:30 | Vinil | ID:8 | CONFIDENCE:0.55 | CAMERA:entry_01 | EVENT:login
2025-06-28 11:05:22,961 - INFO - ATTENDANCE | 2025-06-28 15:35:22.961976+05:30 | Vinil | ID:9 | CONFIDENCE:0.61 | CAMERA:entry_01 | EVENT:login
2025-06-28 11:05:24,695 - INFO - ATTENDANCE | 2025-06-28 15:35:24.695971+05:30 | UN_KNOWN | ID:9 | CONFIDENCE:N/A | CAMERA:entry_01 | EVENT:login
2025-06-28 11:05:45,919 - INFO - ATTENDANCE | 2025-06-28 15:35:45.919339+05:30 | UN_KNOWN | ID:10 | CONFIDENCE:N/A | CAMERA:entry_01 | EVENT:login
2025-06-28 11:05:46,202 - INFO - ATTENDANCE | 2025-06-28 15:35:46.202114+05:30 | Vinil | ID:10 | CONFIDENCE:0.60 | CAMERA:entry_01 | EVENT:login
